{"total": {"lines":{"total":482,"covered":461,"skipped":0,"pct":95.64},"statements":{"total":487,"covered":464,"skipped":0,"pct":95.27},"functions":{"total":101,"covered":90,"skipped":0,"pct":89.1},"branches":{"total":91,"covered":80,"skipped":0,"pct":87.91},"branchesTrue":{"total":0,"covered":0,"skipped":0,"pct":100}}
,"/home/runner/work/incredi-list/incredi-list/src/Contexts/Messaging/Features/WelcomeMessage/Application/Services/WelcomeMessageService.ts": {"lines":{"total":18,"covered":18,"skipped":0,"pct":100},"functions":{"total":3,"covered":3,"skipped":0,"pct":100},"statements":{"total":18,"covered":18,"skipped":0,"pct":100},"branches":{"total":4,"covered":4,"skipped":0,"pct":100}}
,"/home/runner/work/incredi-list/incredi-list/src/Contexts/Messaging/Features/WelcomeMessage/Domain/Events/WelcomeMessageSentEvent.ts": {"lines":{"total":7,"covered":7,"skipped":0,"pct":100},"functions":{"total":1,"covered":1,"skipped":0,"pct":100},"statements":{"total":7,"covered":7,"skipped":0,"pct":100},"branches":{"total":0,"covered":0,"skipped":0,"pct":100}}
,"/home/runner/work/incredi-list/incredi-list/src/Contexts/Messaging/Features/WelcomeMessage/Infrastructure/Container/WelcomeMessageContainer.ts": {"lines":{"total":16,"covered":16,"skipped":0,"pct":100},"functions":{"total":3,"covered":3,"skipped":0,"pct":100},"statements":{"total":16,"covered":16,"skipped":0,"pct":100},"branches":{"total":1,"covered":1,"skipped":0,"pct":100}}
,"/home/runner/work/incredi-list/incredi-list/src/Contexts/Messaging/Shared/Domain/Strategies/ConsoleMessageStrategy.ts": {"lines":{"total":4,"covered":4,"skipped":0,"pct":100},"functions":{"total":1,"covered":1,"skipped":0,"pct":100},"statements":{"total":4,"covered":4,"skipped":0,"pct":100},"branches":{"total":1,"covered":1,"skipped":0,"pct":100}}
,"/home/runner/work/incredi-list/incredi-list/src/Contexts/Messaging/Shared/Domain/Strategies/EmailMessageStrategy.ts": {"lines":{"total":4,"covered":4,"skipped":0,"pct":100},"functions":{"total":1,"covered":1,"skipped":0,"pct":100},"statements":{"total":4,"covered":4,"skipped":0,"pct":100},"branches":{"total":1,"covered":1,"skipped":0,"pct":100}}
,"/home/runner/work/incredi-list/incredi-list/src/Contexts/Messaging/Shared/Domain/Strategies/SMSMessageStrategy.ts": {"lines":{"total":4,"covered":4,"skipped":0,"pct":100},"functions":{"total":1,"covered":1,"skipped":0,"pct":100},"statements":{"total":4,"covered":4,"skipped":0,"pct":100},"branches":{"total":1,"covered":1,"skipped":0,"pct":100}}
,"/home/runner/work/incredi-list/incredi-list/src/Contexts/Shared/Domain/Aggregates/AggregateRoot.ts": {"lines":{"total":7,"covered":6,"skipped":0,"pct":85.71},"functions":{"total":4,"covered":3,"skipped":0,"pct":75},"statements":{"total":7,"covered":6,"skipped":0,"pct":85.71},"branches":{"total":0,"covered":0,"skipped":0,"pct":100}}
,"/home/runner/work/incredi-list/incredi-list/src/Contexts/Shared/Domain/Events/DomainEvent.ts": {"lines":{"total":3,"covered":3,"skipped":0,"pct":100},"functions":{"total":1,"covered":1,"skipped":0,"pct":100},"statements":{"total":3,"covered":3,"skipped":0,"pct":100},"branches":{"total":0,"covered":0,"skipped":0,"pct":100}}
,"/home/runner/work/incredi-list/incredi-list/src/Contexts/Shared/Domain/ValueObjects/ValueObject.ts": {"lines":{"total":2,"covered":2,"skipped":0,"pct":100},"functions":{"total":1,"covered":1,"skipped":0,"pct":100},"statements":{"total":2,"covered":2,"skipped":0,"pct":100},"branches":{"total":0,"covered":0,"skipped":0,"pct":100}}
,"/home/runner/work/incredi-list/incredi-list/src/Contexts/Shared/Infrastructure/CommandBus/CommandBus.ts": {"lines":{"total":17,"covered":17,"skipped":0,"pct":100},"functions":{"total":3,"covered":3,"skipped":0,"pct":100},"statements":{"total":17,"covered":17,"skipped":0,"pct":100},"branches":{"total":2,"covered":2,"skipped":0,"pct":100}}
,"/home/runner/work/incredi-list/incredi-list/src/Contexts/Shared/Infrastructure/Configuration/BaseModule.ts": {"lines":{"total":4,"covered":3,"skipped":0,"pct":75},"functions":{"total":2,"covered":1,"skipped":0,"pct":50},"statements":{"total":4,"covered":3,"skipped":0,"pct":75},"branches":{"total":0,"covered":0,"skipped":0,"pct":100}}
,"/home/runner/work/incredi-list/incredi-list/src/Contexts/Shared/Infrastructure/EventBus/InMemoryEventBus.ts": {"lines":{"total":13,"covered":13,"skipped":0,"pct":100},"functions":{"total":5,"covered":5,"skipped":0,"pct":100},"statements":{"total":14,"covered":14,"skipped":0,"pct":100},"branches":{"total":7,"covered":7,"skipped":0,"pct":100}}
,"/home/runner/work/incredi-list/incredi-list/src/Contexts/UserManagement/Features/UserCreation/Application/CommandHandlers/CreateUserV1CommandHandler.ts": {"lines":{"total":17,"covered":17,"skipped":0,"pct":100},"functions":{"total":2,"covered":2,"skipped":0,"pct":100},"statements":{"total":17,"covered":17,"skipped":0,"pct":100},"branches":{"total":0,"covered":0,"skipped":0,"pct":100}}
,"/home/runner/work/incredi-list/incredi-list/src/Contexts/UserManagement/Features/UserCreation/Application/CommandHandlers/CreateUserV2CommandHandler.ts": {"lines":{"total":19,"covered":19,"skipped":0,"pct":100},"functions":{"total":2,"covered":2,"skipped":0,"pct":100},"statements":{"total":19,"covered":19,"skipped":0,"pct":100},"branches":{"total":0,"covered":0,"skipped":0,"pct":100}}
,"/home/runner/work/incredi-list/incredi-list/src/Contexts/UserManagement/Features/UserCreation/Application/Commands/CreateUserV1Command.ts": {"lines":{"total":3,"covered":3,"skipped":0,"pct":100},"functions":{"total":1,"covered":1,"skipped":0,"pct":100},"statements":{"total":3,"covered":3,"skipped":0,"pct":100},"branches":{"total":0,"covered":0,"skipped":0,"pct":100}}
,"/home/runner/work/incredi-list/incredi-list/src/Contexts/UserManagement/Features/UserCreation/Application/Commands/CreateUserV2Command.ts": {"lines":{"total":4,"covered":4,"skipped":0,"pct":100},"functions":{"total":1,"covered":1,"skipped":0,"pct":100},"statements":{"total":4,"covered":4,"skipped":0,"pct":100},"branches":{"total":0,"covered":0,"skipped":0,"pct":100}}
,"/home/runner/work/incredi-list/incredi-list/src/Contexts/UserManagement/Features/UserCreation/Domain/Events/UserCreatedEvent.ts": {"lines":{"total":6,"covered":6,"skipped":0,"pct":100},"functions":{"total":1,"covered":1,"skipped":0,"pct":100},"statements":{"total":6,"covered":6,"skipped":0,"pct":100},"branches":{"total":0,"covered":0,"skipped":0,"pct":100}}
,"/home/runner/work/incredi-list/incredi-list/src/Contexts/UserManagement/Features/UserCreation/Infrastructure/Container/UserCreationContainer.ts": {"lines":{"total":27,"covered":27,"skipped":0,"pct":100},"functions":{"total":4,"covered":4,"skipped":0,"pct":100},"statements":{"total":27,"covered":27,"skipped":0,"pct":100},"branches":{"total":6,"covered":6,"skipped":0,"pct":100}}
,"/home/runner/work/incredi-list/incredi-list/src/Contexts/UserManagement/Features/UserCreation/Infrastructure/Factories/oldUserCreationFactory.ts": {"lines":{"total":22,"covered":13,"skipped":0,"pct":59.09},"functions":{"total":4,"covered":2,"skipped":0,"pct":50},"statements":{"total":22,"covered":13,"skipped":0,"pct":59.09},"branches":{"total":9,"covered":2,"skipped":0,"pct":22.22}}
,"/home/runner/work/incredi-list/incredi-list/src/Contexts/UserManagement/Features/UserCreation/Interfaces/Controllers/CreateUserV1Controller.ts": {"lines":{"total":13,"covered":13,"skipped":0,"pct":100},"functions":{"total":2,"covered":2,"skipped":0,"pct":100},"statements":{"total":13,"covered":13,"skipped":0,"pct":100},"branches":{"total":3,"covered":3,"skipped":0,"pct":100}}
,"/home/runner/work/incredi-list/incredi-list/src/Contexts/UserManagement/Features/UserCreation/Interfaces/Controllers/CreateUserV2Controller.ts": {"lines":{"total":13,"covered":13,"skipped":0,"pct":100},"functions":{"total":2,"covered":2,"skipped":0,"pct":100},"statements":{"total":13,"covered":13,"skipped":0,"pct":100},"branches":{"total":4,"covered":4,"skipped":0,"pct":100}}
,"/home/runner/work/incredi-list/incredi-list/src/Contexts/UserManagement/Features/UserCreation/Interfaces/Routes/userRoutes.ts": {"lines":{"total":12,"covered":8,"skipped":0,"pct":66.66},"functions":{"total":3,"covered":1,"skipped":0,"pct":33.33},"statements":{"total":12,"covered":8,"skipped":0,"pct":66.66},"branches":{"total":0,"covered":0,"skipped":0,"pct":100}}
,"/home/runner/work/incredi-list/incredi-list/src/Contexts/UserManagement/Features/UserEditing/Application/CommandHandlers/EditUserCommandHandler.ts": {"lines":{"total":38,"covered":37,"skipped":0,"pct":97.36},"functions":{"total":2,"covered":2,"skipped":0,"pct":100},"statements":{"total":38,"covered":37,"skipped":0,"pct":97.36},"branches":{"total":14,"covered":13,"skipped":0,"pct":92.85}}
,"/home/runner/work/incredi-list/incredi-list/src/Contexts/UserManagement/Features/UserEditing/Application/Commands/EditUserCommand.ts": {"lines":{"total":4,"covered":4,"skipped":0,"pct":100},"functions":{"total":1,"covered":1,"skipped":0,"pct":100},"statements":{"total":4,"covered":4,"skipped":0,"pct":100},"branches":{"total":0,"covered":0,"skipped":0,"pct":100}}
,"/home/runner/work/incredi-list/incredi-list/src/Contexts/UserManagement/Features/UserEditing/Domain/Errors/InvalidInputError.ts": {"lines":{"total":3,"covered":3,"skipped":0,"pct":100},"functions":{"total":1,"covered":1,"skipped":0,"pct":100},"statements":{"total":3,"covered":3,"skipped":0,"pct":100},"branches":{"total":0,"covered":0,"skipped":0,"pct":100}}
,"/home/runner/work/incredi-list/incredi-list/src/Contexts/UserManagement/Features/UserEditing/Domain/Errors/UserNotFoundError.ts": {"lines":{"total":3,"covered":3,"skipped":0,"pct":100},"functions":{"total":1,"covered":1,"skipped":0,"pct":100},"statements":{"total":3,"covered":3,"skipped":0,"pct":100},"branches":{"total":0,"covered":0,"skipped":0,"pct":100}}
,"/home/runner/work/incredi-list/incredi-list/src/Contexts/UserManagement/Features/UserEditing/Domain/Events/UserEditedEvent.ts": {"lines":{"total":8,"covered":8,"skipped":0,"pct":100},"functions":{"total":1,"covered":1,"skipped":0,"pct":100},"statements":{"total":8,"covered":8,"skipped":0,"pct":100},"branches":{"total":0,"covered":0,"skipped":0,"pct":100}}
,"/home/runner/work/incredi-list/incredi-list/src/Contexts/UserManagement/Features/UserEditing/Infrastructure/Container/UserEditingContainer.ts": {"lines":{"total":10,"covered":10,"skipped":0,"pct":100},"functions":{"total":2,"covered":2,"skipped":0,"pct":100},"statements":{"total":10,"covered":10,"skipped":0,"pct":100},"branches":{"total":0,"covered":0,"skipped":0,"pct":100}}
,"/home/runner/work/incredi-list/incredi-list/src/Contexts/UserManagement/Features/UserEditing/Interfaces/Controllers/EditUserController.ts": {"lines":{"total":24,"covered":24,"skipped":0,"pct":100},"functions":{"total":2,"covered":2,"skipped":0,"pct":100},"statements":{"total":24,"covered":24,"skipped":0,"pct":100},"branches":{"total":9,"covered":9,"skipped":0,"pct":100}}
,"/home/runner/work/incredi-list/incredi-list/src/Contexts/UserManagement/Features/UserEditing/Interfaces/Routes/editUserRoutes.ts": {"lines":{"total":6,"covered":6,"skipped":0,"pct":100},"functions":{"total":2,"covered":1,"skipped":0,"pct":50},"statements":{"total":7,"covered":6,"skipped":0,"pct":85.71},"branches":{"total":0,"covered":0,"skipped":0,"pct":100}}
,"/home/runner/work/incredi-list/incredi-list/src/Contexts/UserManagement/Features/UserListing/Application/DTOs/UserDTO.ts": {"lines":{"total":10,"covered":10,"skipped":0,"pct":100},"functions":{"total":2,"covered":2,"skipped":0,"pct":100},"statements":{"total":10,"covered":10,"skipped":0,"pct":100},"branches":{"total":0,"covered":0,"skipped":0,"pct":100}}
,"/home/runner/work/incredi-list/incredi-list/src/Contexts/UserManagement/Features/UserListing/Application/Queries/ListUsersQuery.ts": {"lines":{"total":3,"covered":3,"skipped":0,"pct":100},"functions":{"total":1,"covered":1,"skipped":0,"pct":100},"statements":{"total":3,"covered":3,"skipped":0,"pct":100},"branches":{"total":2,"covered":2,"skipped":0,"pct":100}}
,"/home/runner/work/incredi-list/incredi-list/src/Contexts/UserManagement/Features/UserListing/Application/QueryHandlers/ListUsersQueryHandler.ts": {"lines":{"total":11,"covered":11,"skipped":0,"pct":100},"functions":{"total":3,"covered":3,"skipped":0,"pct":100},"statements":{"total":12,"covered":12,"skipped":0,"pct":100},"branches":{"total":0,"covered":0,"skipped":0,"pct":100}}
,"/home/runner/work/incredi-list/incredi-list/src/Contexts/UserManagement/Features/UserListing/Infrastructure/Container/UserListingContainer.ts": {"lines":{"total":6,"covered":6,"skipped":0,"pct":100},"functions":{"total":2,"covered":2,"skipped":0,"pct":100},"statements":{"total":6,"covered":6,"skipped":0,"pct":100},"branches":{"total":0,"covered":0,"skipped":0,"pct":100}}
,"/home/runner/work/incredi-list/incredi-list/src/Contexts/UserManagement/Features/UserListing/Interfaces/Controllers/ListUsersController.ts": {"lines":{"total":19,"covered":17,"skipped":0,"pct":89.47},"functions":{"total":2,"covered":2,"skipped":0,"pct":100},"statements":{"total":19,"covered":17,"skipped":0,"pct":89.47},"branches":{"total":12,"covered":9,"skipped":0,"pct":75}}
,"/home/runner/work/incredi-list/incredi-list/src/Contexts/UserManagement/Features/UserListing/Interfaces/Routes/userListingRoutes.ts": {"lines":{"total":5,"covered":5,"skipped":0,"pct":100},"functions":{"total":2,"covered":1,"skipped":0,"pct":50},"statements":{"total":7,"covered":6,"skipped":0,"pct":85.71},"branches":{"total":0,"covered":0,"skipped":0,"pct":100}}
,"/home/runner/work/incredi-list/incredi-list/src/Contexts/UserManagement/Shared/Domain/Aggregates/UserAggregate.ts": {"lines":{"total":22,"covered":22,"skipped":0,"pct":100},"functions":{"total":8,"covered":8,"skipped":0,"pct":100},"statements":{"total":22,"covered":22,"skipped":0,"pct":100},"branches":{"total":4,"covered":4,"skipped":0,"pct":100}}
,"/home/runner/work/incredi-list/incredi-list/src/Contexts/UserManagement/Shared/Domain/Errors/InvalidCommunicationTypeError.ts": {"lines":{"total":3,"covered":3,"skipped":0,"pct":100},"functions":{"total":1,"covered":1,"skipped":0,"pct":100},"statements":{"total":3,"covered":3,"skipped":0,"pct":100},"branches":{"total":0,"covered":0,"skipped":0,"pct":100}}
,"/home/runner/work/incredi-list/incredi-list/src/Contexts/UserManagement/Shared/Domain/Errors/InvalidUserIdError.ts": {"lines":{"total":3,"covered":3,"skipped":0,"pct":100},"functions":{"total":1,"covered":1,"skipped":0,"pct":100},"statements":{"total":3,"covered":3,"skipped":0,"pct":100},"branches":{"total":0,"covered":0,"skipped":0,"pct":100}}
,"/home/runner/work/incredi-list/incredi-list/src/Contexts/UserManagement/Shared/Domain/Errors/InvalidUserNameError.ts": {"lines":{"total":3,"covered":3,"skipped":0,"pct":100},"functions":{"total":1,"covered":1,"skipped":0,"pct":100},"statements":{"total":3,"covered":3,"skipped":0,"pct":100},"branches":{"total":0,"covered":0,"skipped":0,"pct":100}}
,"/home/runner/work/incredi-list/incredi-list/src/Contexts/UserManagement/Shared/Domain/ValueObjects/CommunicationType.ts": {"lines":{"total":9,"covered":8,"skipped":0,"pct":88.88},"functions":{"total":3,"covered":2,"skipped":0,"pct":66.66},"statements":{"total":9,"covered":8,"skipped":0,"pct":88.88},"branches":{"total":1,"covered":1,"skipped":0,"pct":100}}
,"/home/runner/work/incredi-list/incredi-list/src/Contexts/UserManagement/Shared/Domain/ValueObjects/UserId.ts": {"lines":{"total":8,"covered":7,"skipped":0,"pct":87.5},"functions":{"total":3,"covered":2,"skipped":0,"pct":66.66},"statements":{"total":8,"covered":7,"skipped":0,"pct":87.5},"branches":{"total":3,"covered":3,"skipped":0,"pct":100}}
,"/home/runner/work/incredi-list/incredi-list/src/Contexts/UserManagement/Shared/Domain/ValueObjects/UserName.ts": {"lines":{"total":8,"covered":7,"skipped":0,"pct":87.5},"functions":{"total":3,"covered":2,"skipped":0,"pct":66.66},"statements":{"total":8,"covered":7,"skipped":0,"pct":87.5},"branches":{"total":3,"covered":3,"skipped":0,"pct":100}}
,"/home/runner/work/incredi-list/incredi-list/src/Contexts/UserManagement/Shared/Infrastructure/Configuration/UserManagementModule.ts": {"lines":{"total":27,"covered":27,"skipped":0,"pct":100},"functions":{"total":2,"covered":2,"skipped":0,"pct":100},"statements":{"total":27,"covered":27,"skipped":0,"pct":100},"branches":{"total":0,"covered":0,"skipped":0,"pct":100}}
,"/home/runner/work/incredi-list/incredi-list/src/Contexts/UserManagement/Shared/Infrastructure/Persistence/InMemoryUserRepository.ts": {"lines":{"total":14,"covered":14,"skipped":0,"pct":100},"functions":{"total":7,"covered":7,"skipped":0,"pct":100},"statements":{"total":14,"covered":14,"skipped":0,"pct":100},"branches":{"total":4,"covered":4,"skipped":0,"pct":100}}
}
