TN:
SF:src/Contexts/Messaging/Features/WelcomeMessage/Application/Services/WelcomeMessageService.ts
FN:8,(anonymous_0)
FN:15,(anonymous_1)
FN:35,(anonymous_2)
FNF:3
FNH:3
FNDA:17,(anonymous_0)
FNDA:22,(anonymous_1)
FNDA:22,(anonymous_2)
DA:4,8
DA:7,8
DA:9,17
DA:10,17
DA:11,17
DA:12,17
DA:16,22
DA:17,22
DA:18,22
DA:20,21
DA:21,21
DA:30,1
DA:31,1
DA:36,22
DA:38,10
DA:40,6
DA:42,6
DA:44,0
LF:18
LH:17
BRDA:36,0,0,10
BRDA:36,0,1,6
BRDA:36,0,2,6
BRDA:36,0,3,0
BRF:4
BRH:3
end_of_record
TN:
SF:src/Contexts/Messaging/Features/WelcomeMessage/Domain/Events/WelcomeMessageSentEvent.ts
FN:7,(anonymous_0)
FNF:1
FNH:1
FNDA:21,(anonymous_0)
DA:1,8
DA:6,8
DA:8,21
DA:9,21
DA:10,21
DA:11,21
DA:13,21
LF:7
LH:7
BRF:0
BRH:0
end_of_record
TN:
SF:src/Contexts/Messaging/Features/WelcomeMessage/Infrastructure/Container/WelcomeMessageContainer.ts
FN:12,(anonymous_0)
FN:25,(anonymous_1)
FN:27,(anonymous_2)
FNF:3
FNH:3
FNDA:5,(anonymous_0)
FNDA:5,(anonymous_1)
FNDA:9,(anonymous_2)
DA:2,5
DA:3,5
DA:4,5
DA:5,5
DA:6,5
DA:9,5
DA:12,5
DA:13,5
DA:14,5
DA:15,5
DA:17,5
DA:27,5
DA:28,9
DA:29,9
DA:30,9
DA:32,0
LF:16
LH:15
BRDA:28,0,0,9
BRF:1
BRH:1
end_of_record
TN:
SF:src/Contexts/Messaging/Shared/Domain/Strategies/ConsoleMessageStrategy.ts
FN:4,(anonymous_0)
FNF:1
FNH:1
FNDA:4,(anonymous_0)
DA:3,6
DA:5,4
LF:2
LH:2
BRF:0
BRH:0
end_of_record
TN:
SF:src/Contexts/Messaging/Shared/Domain/Strategies/EmailMessageStrategy.ts
FN:4,(anonymous_0)
FNF:1
FNH:1
FNDA:4,(anonymous_0)
DA:3,6
DA:6,4
LF:2
LH:2
BRF:0
BRH:0
end_of_record
TN:
SF:src/Contexts/Messaging/Shared/Domain/Strategies/SMSMessageStrategy.ts
FN:4,(anonymous_0)
FNF:1
FNH:1
FNDA:7,(anonymous_0)
DA:3,6
DA:6,7
LF:2
LH:2
BRF:0
BRH:0
end_of_record
TN:
SF:src/Contexts/Messaging/Shared/Infrastructure/Configuration/MessagingModule.ts
FN:6,(anonymous_0)
FN:10,(anonymous_1)
FNF:2
FNH:2
FNDA:7,(anonymous_0)
FNDA:6,(anonymous_1)
DA:1,5
DA:3,5
DA:5,5
DA:6,7
DA:7,7
DA:11,6
DA:12,6
LF:7
LH:7
BRF:0
BRH:0
end_of_record
TN:
SF:src/Contexts/Shared/Domain/Aggregates/AggregateRoot.ts
FN:3,(anonymous_0)
FN:6,(anonymous_1)
FN:10,(anonymous_2)
FN:16,(anonymous_3)
FNF:4
FNH:3
FNDA:39,(anonymous_0)
FNDA:39,(anonymous_1)
FNDA:5,(anonymous_2)
FNDA:0,(anonymous_3)
DA:3,11
DA:4,39
DA:7,39
DA:11,5
DA:12,5
DA:13,5
DA:17,0
LF:7
LH:6
BRF:0
BRH:0
end_of_record
TN:
SF:src/Contexts/Shared/Domain/Events/DomainEvent.ts
FN:4,(anonymous_0)
FNF:1
FNH:1
FNDA:84,(anonymous_0)
DA:1,20
DA:4,84
DA:5,84
LF:3
LH:3
BRF:0
BRH:0
end_of_record
TN:
SF:src/Contexts/Shared/Domain/ValueObjects/ValueObject.ts
FN:4,(anonymous_0)
FN:8,(anonymous_1)
FN:12,(anonymous_2)
FNF:3
FNH:2
FNDA:190,(anonymous_0)
FNDA:186,(anonymous_1)
FNDA:0,(anonymous_2)
DA:1,19
DA:5,190
DA:9,186
DA:13,0
LF:4
LH:3
BRF:0
BRH:0
end_of_record
TN:
SF:src/Contexts/Shared/Infrastructure/CommandBus/CommandBus.ts
FN:3,(anonymous_0)
FN:6,(anonymous_1)
FN:14,(anonymous_2)
FNF:3
FNH:3
FNDA:23,(anonymous_0)
FNDA:16,(anonymous_1)
FNDA:1,(anonymous_2)
DA:3,6
DA:4,23
DA:7,16
DA:8,4
DA:10,16
DA:11,16
DA:15,1
DA:16,1
DA:18,1
DA:20,1
DA:21,0
DA:22,0
DA:23,0
DA:26,1
DA:27,1
DA:29,0
DA:30,0
LF:17
LH:12
BRDA:7,0,0,4
BRDA:20,1,0,0
BRF:2
BRH:1
end_of_record
TN:
SF:src/Contexts/Shared/Infrastructure/Configuration/ApplicationModule.ts
FN:13,(anonymous_0)
FN:21,(anonymous_1)
FN:34,(anonymous_2)
FN:37,(anonymous_3)
FNF:4
FNH:4
FNDA:5,(anonymous_0)
FNDA:5,(anonymous_1)
FNDA:10,(anonymous_2)
FNDA:10,(anonymous_3)
DA:1,2
DA:3,2
DA:4,2
DA:7,2
DA:9,2
DA:10,5
DA:14,5
DA:15,5
DA:17,5
DA:18,5
DA:23,5
DA:29,5
DA:31,5
DA:34,10
DA:37,5
DA:38,10
DA:39,10
DA:40,5
LF:18
LH:18
BRDA:39,0,0,5
BRF:1
BRH:1
end_of_record
TN:
SF:src/Contexts/Shared/Infrastructure/Configuration/BaseModule.ts
FN:7,(anonymous_0)
FN:13,(anonymous_1)
FNF:2
FNH:2
FNDA:19,(anonymous_0)
FNDA:6,(anonymous_1)
DA:1,8
DA:4,8
DA:8,19
DA:14,6
LF:4
LH:4
BRF:0
BRH:0
end_of_record
TN:
SF:src/Contexts/Shared/Infrastructure/EventBus/InMemoryEventBus.ts
FN:4,(anonymous_0)
FN:7,(anonymous_1)
FN:10,(anonymous_2)
FN:13,(anonymous_3)
FN:19,(anonymous_4)
FNF:5
FNH:4
FNDA:9,(anonymous_0)
FNDA:30,(anonymous_1)
FNDA:30,(anonymous_2)
FNDA:18,(anonymous_3)
FNDA:0,(anonymous_4)
DA:4,4
DA:5,9
DA:8,30
DA:9,30
DA:10,30
DA:14,18
DA:15,18
DA:16,18
DA:20,0
DA:21,0
DA:22,0
DA:23,0
DA:24,0
LF:13
LH:8
BRDA:9,0,0,30
BRDA:9,0,1,0
BRDA:14,1,0,18
BRDA:14,1,1,18
BRDA:20,2,0,0
BRDA:20,2,1,0
BRDA:22,3,0,0
BRF:7
BRH:3
end_of_record
TN:
SF:src/Contexts/UserManagement/Features/UserCreation/Application/CommandHandlers/CreateUserV1CommandHandler.ts
FN:12,(anonymous_0)
FN:17,(anonymous_1)
FN:25,(anonymous_2)
FNF:3
FNH:3
FNDA:12,(anonymous_0)
FNDA:4,(anonymous_1)
FNDA:3,(anonymous_2)
DA:5,7
DA:6,7
DA:7,7
DA:8,7
DA:9,7
DA:11,7
DA:13,12
DA:14,12
DA:18,4
DA:19,4
DA:20,4
DA:21,4
DA:23,4
DA:24,4
DA:25,3
DA:27,2
DA:28,2
LF:17
LH:17
BRF:0
BRH:0
end_of_record
TN:
SF:src/Contexts/UserManagement/Features/UserCreation/Application/CommandHandlers/CreateUserV2CommandHandler.ts
FN:11,(anonymous_0)
FN:16,(anonymous_1)
FN:24,(anonymous_2)
FNF:3
FNH:3
FNDA:12,(anonymous_0)
FNDA:3,(anonymous_1)
FNDA:2,(anonymous_2)
DA:5,7
DA:6,7
DA:7,7
DA:8,7
DA:10,7
DA:12,12
DA:13,12
DA:17,3
DA:18,3
DA:19,3
DA:20,3
DA:22,3
DA:23,3
DA:24,2
DA:26,2
DA:27,2
LF:16
LH:16
BRF:0
BRH:0
end_of_record
TN:
SF:src/Contexts/UserManagement/Features/UserCreation/Application/Commands/CreateUserV1Command.ts
FN:2,(anonymous_0)
FNF:1
FNH:1
FNDA:7,(anonymous_0)
DA:1,8
DA:3,7
DA:4,7
LF:3
LH:3
BRF:0
BRH:0
end_of_record
TN:
SF:src/Contexts/UserManagement/Features/UserCreation/Application/Commands/CreateUserV2Command.ts
FN:2,(anonymous_0)
FNF:1
FNH:1
FNDA:6,(anonymous_0)
DA:1,8
DA:3,6
DA:4,6
DA:5,6
LF:4
LH:4
BRF:0
BRH:0
end_of_record
TN:
SF:src/Contexts/UserManagement/Features/UserCreation/Domain/Aggregates/UserAggregate.ts
FN:18,(anonymous_0)
FN:25,(anonymous_1)
FN:31,(anonymous_2)
FN:38,(anonymous_3)
FN:46,(anonymous_4)
FN:50,(anonymous_5)
FN:54,(anonymous_6)
FN:58,(anonymous_7)
FNF:8
FNH:6
FNDA:39,(anonymous_0)
FNDA:39,(anonymous_1)
FNDA:0,(anonymous_2)
FNDA:0,(anonymous_3)
FNDA:23,(anonymous_4)
FNDA:11,(anonymous_5)
FNDA:11,(anonymous_6)
FNDA:3,(anonymous_7)
DA:1,11
DA:2,11
DA:3,11
DA:4,11
DA:5,11
DA:13,11
DA:19,39
DA:20,39
DA:21,39
DA:22,39
DA:26,39
DA:27,39
DA:28,39
DA:32,0
DA:33,0
DA:34,0
DA:35,0
DA:39,0
DA:47,23
DA:51,11
DA:55,11
DA:59,3
DA:60,3
DA:61,3
LF:24
LH:19
BRDA:59,0,0,3
BRDA:59,0,1,1
BRDA:60,1,0,3
BRDA:60,1,1,1
BRF:4
BRH:4
end_of_record
TN:
SF:src/Contexts/UserManagement/Features/UserCreation/Domain/Errors/InvalidCommunicationTypeError.ts
FN:2,(anonymous_0)
FNF:1
FNH:1
FNDA:10,(anonymous_0)
DA:1,19
DA:3,10
DA:4,10
LF:3
LH:3
BRF:0
BRH:0
end_of_record
TN:
SF:src/Contexts/UserManagement/Features/UserCreation/Domain/Errors/InvalidUserIdError.ts
FN:2,(anonymous_0)
FNF:1
FNH:0
FNDA:0,(anonymous_0)
DA:1,18
DA:3,0
DA:4,0
LF:3
LH:1
BRF:0
BRH:0
end_of_record
TN:
SF:src/Contexts/UserManagement/Features/UserCreation/Domain/Errors/InvalidUserNameError.ts
FN:2,(anonymous_0)
FNF:1
FNH:1
FNDA:7,(anonymous_0)
DA:1,19
DA:3,7
DA:4,7
LF:3
LH:3
BRF:0
BRH:0
end_of_record
TN:
SF:src/Contexts/UserManagement/Features/UserCreation/Domain/Events/UserCreatedEvent.ts
FN:7,(anonymous_0)
FNF:1
FNH:1
FNDA:61,(anonymous_0)
DA:1,18
DA:6,18
DA:8,61
DA:9,61
DA:10,61
DA:12,61
LF:6
LH:6
BRF:0
BRH:0
end_of_record
TN:
SF:src/Contexts/UserManagement/Features/UserCreation/Domain/ValueObjects/CommunicationType.ts
FN:5,(anonymous_0)
FN:9,(anonymous_1)
FN:17,(anonymous_2)
FNF:3
FNH:3
FNDA:63,(anonymous_0)
FNDA:73,(anonymous_1)
FNDA:3,(anonymous_2)
DA:1,19
DA:2,19
DA:4,19
DA:6,63
DA:10,73
DA:11,73
DA:12,10
DA:14,63
DA:18,3
LF:9
LH:9
BRDA:11,0,0,10
BRF:1
BRH:1
end_of_record
TN:
SF:src/Contexts/UserManagement/Features/UserCreation/Domain/ValueObjects/UserId.ts
FN:5,(anonymous_0)
FN:9,(anonymous_1)
FN:16,(anonymous_2)
FNF:3
FNH:2
FNDA:63,(anonymous_0)
FNDA:63,(anonymous_1)
FNDA:0,(anonymous_2)
DA:1,18
DA:2,18
DA:4,18
DA:6,63
DA:10,63
DA:11,0
DA:13,63
DA:17,0
LF:8
LH:6
BRDA:10,0,0,0
BRDA:10,1,0,63
BRDA:10,1,1,63
BRF:3
BRH:2
end_of_record
TN:
SF:src/Contexts/UserManagement/Features/UserCreation/Domain/ValueObjects/UserName.ts
FN:5,(anonymous_0)
FN:9,(anonymous_1)
FN:16,(anonymous_2)
FNF:3
FNH:3
FNDA:64,(anonymous_0)
FNDA:71,(anonymous_1)
FNDA:3,(anonymous_2)
DA:1,19
DA:2,19
DA:4,19
DA:6,64
DA:10,71
DA:11,7
DA:13,64
DA:17,3
LF:8
LH:8
BRDA:10,0,0,7
BRDA:10,1,0,71
BRDA:10,1,1,67
BRF:3
BRH:3
end_of_record
TN:
SF:src/Contexts/UserManagement/Features/UserCreation/Infrastructure/Container/UserCreationContainer.ts
FN:14,(anonymous_0)
FN:24,(anonymous_1)
FN:41,(anonymous_2)
FN:51,(anonymous_3)
FNF:4
FNH:4
FNDA:8,(anonymous_0)
FNDA:8,(anonymous_1)
FNDA:5,(anonymous_2)
FNDA:6,(anonymous_3)
DA:3,5
DA:5,5
DA:6,5
DA:7,5
DA:8,5
DA:10,5
DA:15,8
DA:16,8
DA:17,8
DA:19,8
DA:20,8
DA:21,8
DA:25,8
DA:27,8
DA:28,8
DA:31,8
DA:32,8
DA:34,8
DA:36,0
DA:37,0
DA:42,5
DA:43,4
DA:46,4
DA:48,5
DA:56,6
LF:25
LH:23
BRDA:42,0,0,4
BRDA:43,1,0,3
BRDA:43,1,1,1
BRF:3
BRH:3
end_of_record
TN:
SF:src/Contexts/UserManagement/Features/UserCreation/Infrastructure/Factories/UserCreationFactory.ts
FN:13,(anonymous_0)
FN:19,(anonymous_1)
FN:30,(anonymous_2)
FN:41,(anonymous_3)
FNF:4
FNH:4
FNDA:17,(anonymous_0)
FNDA:3,(anonymous_1)
FNDA:19,(anonymous_2)
FNDA:3,(anonymous_3)
DA:4,6
DA:5,6
DA:6,6
DA:7,6
DA:9,6
DA:10,6
DA:12,6
DA:14,17
DA:15,17
DA:16,17
DA:20,3
DA:22,1
DA:24,1
DA:26,1
DA:31,19
DA:33,9
DA:35,9
DA:37,1
DA:42,3
DA:44,1
DA:46,1
DA:48,1
LF:22
LH:22
BRDA:20,0,0,1
BRDA:20,0,1,1
BRDA:20,0,2,1
BRDA:31,1,0,9
BRDA:31,1,1,9
BRDA:31,1,2,1
BRDA:42,2,0,1
BRDA:42,2,1,1
BRDA:42,2,2,1
BRF:9
BRH:9
end_of_record
TN:
SF:src/Contexts/UserManagement/Features/UserCreation/Interfaces/Controllers/CreateUserV1Controller.ts
FN:6,(anonymous_0)
FN:8,(anonymous_1)
FNF:2
FNH:2
FNDA:7,(anonymous_0)
FNDA:4,(anonymous_1)
DA:3,7
DA:5,7
DA:6,7
DA:9,4
DA:10,4
DA:12,4
DA:13,1
DA:14,1
DA:17,3
DA:18,3
DA:20,2
DA:22,1
DA:23,1
LF:13
LH:13
BRDA:12,0,0,1
BRDA:12,1,0,4
BRDA:12,1,1,3
BRF:3
BRH:3
end_of_record
TN:
SF:src/Contexts/UserManagement/Features/UserCreation/Interfaces/Controllers/CreateUserV2Controller.ts
FN:6,(anonymous_0)
FN:8,(anonymous_1)
FNF:2
FNH:2
FNDA:5,(anonymous_0)
FNDA:3,(anonymous_1)
DA:3,7
DA:5,7
DA:6,5
DA:9,3
DA:10,3
DA:12,3
DA:13,1
DA:14,1
DA:17,2
DA:22,2
DA:24,1
DA:26,1
DA:27,1
LF:13
LH:13
BRDA:12,0,0,1
BRDA:12,1,0,3
BRDA:12,1,1,2
BRDA:12,1,2,2
BRF:4
BRH:4
end_of_record
TN:
SF:src/Contexts/UserManagement/Features/UserCreation/Interfaces/Routes/userRoutes.ts
FN:7,userRoutes
FN:16,(anonymous_1)
FN:22,(anonymous_2)
FNF:3
FNH:1
FNDA:7,userRoutes
FNDA:0,(anonymous_1)
FNDA:0,(anonymous_2)
DA:1,4
DA:5,4
DA:7,4
DA:12,7
DA:13,7
DA:16,7
DA:17,0
DA:18,0
DA:22,7
DA:23,0
DA:24,0
DA:27,7
LF:12
LH:8
BRF:0
BRH:0
end_of_record
TN:
SF:src/Contexts/UserManagement/Features/UserEditing/Application/CommandHandlers/EditUserCommandHandler.ts
FN:16,(anonymous_0)
FN:21,(anonymous_1)
FNF:2
FNH:2
FNDA:6,(anonymous_0)
FNDA:4,(anonymous_1)
DA:4,5
DA:6,5
DA:7,5
DA:8,5
DA:9,5
DA:10,5
DA:11,5
DA:12,5
DA:13,5
DA:15,5
DA:17,6
DA:18,6
DA:22,4
DA:23,4
DA:24,0
DA:27,4
DA:28,4
DA:30,4
DA:31,1
DA:34,3
DA:39,3
DA:41,2
DA:47,2
DA:49,2
DA:54,1
DA:56,1
LF:26
LH:25
BRDA:23,0,0,0
BRDA:30,1,0,1
BRDA:35,2,0,2
BRDA:35,2,1,1
BRDA:35,3,0,3
BRDA:35,3,1,2
BRDA:36,4,0,2
BRDA:36,4,1,1
BRDA:36,5,0,3
BRDA:36,5,1,2
BRDA:49,6,0,1
BRDA:49,7,0,2
BRDA:49,7,1,2
BRDA:49,7,2,2
BRDA:49,7,3,2
BRDA:49,7,4,2
BRDA:56,8,0,1
BRDA:56,8,1,0
BRF:18
BRH:16
end_of_record
TN:
SF:src/Contexts/UserManagement/Features/UserEditing/Application/Commands/EditUserCommand.ts
FN:2,(anonymous_0)
FNF:1
FNH:1
FNDA:9,(anonymous_0)
DA:1,6
DA:3,9
DA:4,9
DA:5,9
LF:4
LH:4
BRF:0
BRH:0
end_of_record
TN:
SF:src/Contexts/UserManagement/Features/UserEditing/Domain/Errors/InvalidInputError.ts
FN:2,(anonymous_0)
FNF:1
FNH:1
FNDA:1,(anonymous_0)
DA:1,6
DA:3,1
DA:4,1
LF:3
LH:3
BRF:0
BRH:0
end_of_record
TN:
SF:src/Contexts/UserManagement/Features/UserEditing/Domain/Errors/UserNotFoundError.ts
FN:2,(anonymous_0)
FNF:1
FNH:1
FNDA:2,(anonymous_0)
DA:1,6
DA:3,2
DA:4,2
LF:3
LH:3
BRF:0
BRH:0
end_of_record
TN:
SF:src/Contexts/UserManagement/Features/UserEditing/Domain/Events/UserEditedEvent.ts
FN:7,(anonymous_0)
FNF:1
FNH:1
FNDA:2,(anonymous_0)
DA:1,5
DA:6,5
DA:8,2
DA:9,2
DA:10,2
DA:12,2
LF:6
LH:6
BRF:0
BRH:0
end_of_record
TN:
SF:src/Contexts/UserManagement/Features/UserEditing/Infrastructure/Container/UserEditingContainer.ts
FN:7,(anonymous_0)
FN:12,(anonymous_1)
FNF:2
FNH:2
FNDA:2,(anonymous_0)
FNDA:2,(anonymous_1)
DA:3,4
DA:4,4
DA:6,4
DA:8,2
DA:9,2
DA:13,2
DA:17,2
LF:7
LH:7
BRF:0
BRH:0
end_of_record
TN:
SF:src/Contexts/UserManagement/Features/UserEditing/Infrastructure/Controllers/EditUserController.ts
FN:8,(anonymous_0)
FN:10,(anonymous_1)
FNF:2
FNH:2
FNDA:8,(anonymous_0)
FNDA:6,(anonymous_1)
DA:2,5
DA:4,5
DA:5,5
DA:7,5
DA:8,8
DA:11,6
DA:12,6
DA:13,6
DA:15,6
DA:16,1
DA:17,1
DA:20,5
DA:21,5
DA:23,2
DA:25,3
DA:26,1
DA:27,2
DA:28,1
DA:30,1
DA:31,1
LF:20
LH:20
BRDA:13,0,0,6
BRDA:13,0,1,1
BRDA:15,1,0,1
BRDA:25,2,0,1
BRDA:25,2,1,2
BRDA:27,3,0,1
BRDA:27,3,1,1
BRF:7
BRH:7
end_of_record
TN:
SF:src/Contexts/UserManagement/Features/UserEditing/Infrastructure/Routes/editUserRoutes.ts
FN:4,createEditUserRoutes
FN:9,(anonymous_1)
FNF:2
FNH:1
FNDA:7,createEditUserRoutes
FNDA:0,(anonymous_1)
DA:1,4
DA:4,4
DA:5,7
DA:6,7
DA:9,7
DA:11,7
LF:6
LH:6
BRF:0
BRH:0
end_of_record
TN:
SF:src/Contexts/UserManagement/Features/UserListing/Application/DTOs/UserDTO.ts
FN:2,(anonymous_0)
FN:10,(anonymous_1)
FNF:2
FNH:2
FNDA:9,(anonymous_0)
FNDA:6,(anonymous_1)
DA:1,6
DA:3,9
DA:4,9
DA:5,9
DA:9,6
DA:11,6
DA:12,6
DA:13,6
DA:14,6
DA:15,6
LF:10
LH:10
BRF:0
BRH:0
end_of_record
TN:
SF:src/Contexts/UserManagement/Features/UserListing/Application/Queries/ListUsersQuery.ts
FN:2,(anonymous_0)
FNF:1
FNH:1
FNDA:8,(anonymous_0)
DA:1,6
DA:3,8
DA:4,8
LF:3
LH:3
BRDA:3,0,0,0
BRDA:4,1,0,0
BRF:2
BRH:0
end_of_record
TN:
SF:src/Contexts/UserManagement/Features/UserListing/Application/QueryHandlers/ListUsersQueryHandler.ts
FN:6,(anonymous_0)
FN:10,(anonymous_1)
FN:22,(anonymous_2)
FNF:3
FNH:3
FNDA:6,(anonymous_0)
FNDA:4,(anonymous_1)
FNDA:7,(anonymous_2)
DA:3,5
DA:5,5
DA:7,6
DA:11,4
DA:12,4
DA:15,4
DA:16,3
DA:17,3
DA:20,3
DA:22,7
DA:28,3
LF:11
LH:11
BRF:0
BRH:0
end_of_record
TN:
SF:src/Contexts/UserManagement/Features/UserListing/Infrastructure/Container/UserListingContainer.ts
FN:6,(anonymous_0)
FN:10,(anonymous_1)
FNF:2
FNH:2
FNDA:2,(anonymous_0)
FNDA:2,(anonymous_1)
DA:2,4
DA:3,4
DA:5,4
DA:7,2
DA:11,2
DA:15,2
LF:6
LH:6
BRF:0
BRH:0
end_of_record
TN:
SF:src/Contexts/UserManagement/Features/UserListing/Interfaces/Controllers/ListUsersController.ts
FN:6,(anonymous_0)
FN:10,(anonymous_1)
FNF:2
FNH:2
FNDA:6,(anonymous_0)
FNDA:4,(anonymous_1)
DA:2,5
DA:5,5
DA:7,6
DA:11,4
DA:12,4
DA:13,4
DA:15,4
DA:16,0
DA:17,0
DA:20,4
DA:21,4
DA:23,3
DA:25,1
DA:26,1
LF:14
LH:12
BRDA:12,0,0,4
BRDA:12,0,1,2
BRDA:13,1,0,4
BRDA:13,1,1,2
BRDA:15,2,0,0
BRDA:15,3,0,4
BRDA:15,3,1,4
BRF:7
BRH:6
end_of_record
TN:
SF:src/Contexts/UserManagement/Features/UserListing/Interfaces/Routes/userListingRoutes.ts
FN:4,(anonymous_0)
FN:8,(anonymous_1)
FNF:2
FNH:1
FNDA:7,(anonymous_0)
FNDA:0,(anonymous_1)
DA:1,4
DA:4,4
DA:5,7
DA:8,7
DA:10,7
LF:5
LH:5
BRF:0
BRH:0
end_of_record
TN:
SF:src/Contexts/UserManagement/Shared/Infrastructure/Configuration/UserManagementModule.ts
FN:17,(anonymous_0)
FN:25,(anonymous_1)
FNF:2
FNH:2
FNDA:7,(anonymous_0)
FNDA:7,(anonymous_1)
DA:2,4
DA:3,4
DA:6,4
DA:7,4
DA:8,4
DA:9,4
DA:10,4
DA:12,4
DA:13,7
DA:14,7
DA:15,7
DA:18,7
DA:19,7
DA:20,7
DA:22,7
DA:27,7
DA:34,7
DA:35,7
DA:38,7
DA:39,7
DA:40,7
DA:41,7
DA:42,7
DA:45,7
DA:49,7
DA:50,7
DA:51,7
LF:27
LH:27
BRF:0
BRH:0
end_of_record
TN:
SF:src/Contexts/UserManagement/Shared/Infrastructure/Persistence/InMemoryUserRepository.ts
FN:5,(anonymous_0)
FN:8,(anonymous_1)
FN:16,(anonymous_2)
FN:20,(anonymous_3)
FN:24,(anonymous_4)
FN:32,(anonymous_5)
FNF:6
FNH:6
FNDA:7,(anonymous_0)
FNDA:6,(anonymous_1)
FNDA:3,(anonymous_2)
FNDA:1,(anonymous_3)
FNDA:2,(anonymous_4)
FNDA:1,(anonymous_5)
DA:5,1
DA:6,7
DA:9,6
DA:10,0
DA:12,6
DA:13,6
DA:17,3
DA:21,1
DA:25,2
DA:26,1
DA:28,1
DA:29,1
DA:33,1
LF:13
LH:12
BRDA:9,0,0,0
BRDA:17,1,0,3
BRDA:17,1,1,2
BRDA:25,2,0,1
BRF:4
BRH:3
end_of_record
