TN:
SF:src/Contexts/Messaging/Features/WelcomeMessage/Application/Services/WelcomeMessageService.ts
FN:8,(anonymous_0)
FN:15,(anonymous_1)
FN:35,(anonymous_2)
FNF:3
FNH:3
FNDA:9,(anonymous_0)
FNDA:5,(anonymous_1)
FNDA:5,(anonymous_2)
DA:4,2
DA:7,2
DA:9,9
DA:10,9
DA:11,9
DA:12,9
DA:16,5
DA:17,5
DA:18,4
DA:20,3
DA:21,3
DA:30,2
DA:31,2
DA:36,5
DA:38,2
DA:40,1
DA:42,1
DA:44,1
LF:18
LH:18
BRDA:36,0,0,2
BRDA:36,0,1,1
BRDA:36,0,2,1
BRDA:36,0,3,1
BRF:4
BRH:4
end_of_record
TN:
SF:src/Contexts/Messaging/Features/WelcomeMessage/Domain/Events/WelcomeMessageSentEvent.ts
FN:7,(anonymous_0)
FNF:1
FNH:1
FNDA:5,(anonymous_0)
DA:1,3
DA:6,3
DA:8,5
DA:9,5
DA:10,5
DA:11,5
DA:13,5
LF:7
LH:7
BRF:0
BRH:0
end_of_record
TN:
SF:src/Contexts/Messaging/Features/WelcomeMessage/Infrastructure/Container/WelcomeMessageContainer.ts
FN:12,(anonymous_0)
FN:25,(anonymous_1)
FN:27,(anonymous_2)
FNF:3
FNH:3
FNDA:4,(anonymous_0)
FNDA:4,(anonymous_1)
FNDA:3,(anonymous_2)
DA:2,1
DA:3,1
DA:4,1
DA:5,1
DA:6,1
DA:9,1
DA:12,4
DA:13,4
DA:14,4
DA:15,4
DA:17,4
DA:27,4
DA:28,3
DA:29,2
DA:30,2
DA:32,1
LF:16
LH:16
BRDA:28,0,0,2
BRF:1
BRH:1
end_of_record
TN:
SF:src/Contexts/Messaging/Shared/Domain/Strategies/ConsoleMessageStrategy.ts
FN:4,(anonymous_0)
FNF:1
FNH:1
FNDA:4,(anonymous_0)
DA:3,2
DA:5,4
DA:6,2
DA:8,2
LF:4
LH:4
BRDA:5,0,0,2
BRF:1
BRH:1
end_of_record
TN:
SF:src/Contexts/Messaging/Shared/Domain/Strategies/EmailMessageStrategy.ts
FN:4,(anonymous_0)
FNF:1
FNH:1
FNDA:3,(anonymous_0)
DA:3,2
DA:5,3
DA:6,1
DA:9,2
LF:4
LH:4
BRDA:5,0,0,1
BRF:1
BRH:1
end_of_record
TN:
SF:src/Contexts/Messaging/Shared/Domain/Strategies/SMSMessageStrategy.ts
FN:4,(anonymous_0)
FNF:1
FNH:1
FNDA:3,(anonymous_0)
DA:3,2
DA:5,3
DA:6,1
DA:9,2
LF:4
LH:4
BRDA:5,0,0,1
BRF:1
BRH:1
end_of_record
TN:
SF:src/Contexts/Shared/Domain/Aggregates/AggregateRoot.ts
FN:3,(anonymous_0)
FN:6,(anonymous_1)
FN:10,(anonymous_2)
FN:16,(anonymous_3)
FNF:4
FNH:3
FNDA:68,(anonymous_0)
FNDA:5,(anonymous_1)
FNDA:1,(anonymous_2)
FNDA:0,(anonymous_3)
DA:3,9
DA:4,68
DA:7,5
DA:11,1
DA:12,1
DA:13,1
DA:17,0
LF:7
LH:6
BRF:0
BRH:0
end_of_record
TN:
SF:src/Contexts/Shared/Domain/Events/DomainEvent.ts
FN:4,(anonymous_0)
FNF:1
FNH:1
FNDA:42,(anonymous_0)
DA:1,11
DA:4,42
DA:5,42
LF:3
LH:3
BRF:0
BRH:0
end_of_record
TN:
SF:src/Contexts/Shared/Domain/ValueObjects/ValueObject.ts
FN:2,(anonymous_0)
FNF:1
FNH:1
FNDA:250,(anonymous_0)
DA:1,12
DA:2,250
LF:2
LH:2
BRF:0
BRH:0
end_of_record
TN:
SF:src/Contexts/Shared/Infrastructure/CommandBus/CommandBus.ts
FN:4,(anonymous_0)
FN:7,(anonymous_1)
FN:15,(anonymous_2)
FNF:3
FNH:3
FNDA:7,(anonymous_0)
FNDA:15,(anonymous_1)
FNDA:7,(anonymous_2)
DA:4,2
DA:5,7
DA:8,15
DA:9,5
DA:11,15
DA:12,15
DA:16,7
DA:17,7
DA:19,7
DA:21,7
DA:22,1
DA:23,1
DA:24,1
DA:27,6
DA:28,6
DA:30,1
DA:31,1
LF:17
LH:17
BRDA:8,0,0,5
BRDA:21,1,0,1
BRF:2
BRH:2
end_of_record
TN:
SF:src/Contexts/Shared/Infrastructure/Configuration/BaseModule.ts
FN:7,(anonymous_0)
FN:13,(anonymous_1)
FNF:2
FNH:1
FNDA:2,(anonymous_0)
FNDA:0,(anonymous_1)
DA:1,1
DA:4,1
DA:8,2
DA:14,0
LF:4
LH:3
BRF:0
BRH:0
end_of_record
TN:
SF:src/Contexts/Shared/Infrastructure/EventBus/InMemoryEventBus.ts
FN:4,(anonymous_0)
FN:7,(anonymous_1)
FN:10,(anonymous_2)
FN:13,(anonymous_3)
FN:19,(anonymous_4)
FNF:5
FNH:5
FNDA:11,(anonymous_0)
FNDA:10,(anonymous_1)
FNDA:11,(anonymous_2)
FNDA:16,(anonymous_3)
FNDA:3,(anonymous_4)
DA:4,2
DA:5,11
DA:8,10
DA:9,10
DA:10,11
DA:14,16
DA:15,16
DA:16,16
DA:20,3
DA:21,3
DA:22,3
DA:23,2
DA:24,2
LF:13
LH:13
BRDA:9,0,0,10
BRDA:9,0,1,1
BRDA:14,1,0,16
BRDA:14,1,1,11
BRDA:20,2,0,3
BRDA:20,2,1,1
BRDA:22,3,0,2
BRF:7
BRH:7
end_of_record
TN:
SF:src/Contexts/UserManagement/Features/UserCreation/Application/CommandHandlers/CreateUserV1CommandHandler.ts
FN:13,(anonymous_0)
FN:18,(anonymous_1)
FNF:2
FNH:2
FNDA:17,(anonymous_0)
FNDA:6,(anonymous_1)
DA:5,3
DA:6,3
DA:7,3
DA:8,3
DA:9,3
DA:10,3
DA:12,3
DA:14,17
DA:15,17
DA:19,6
DA:20,6
DA:21,5
DA:23,4
DA:24,4
DA:26,3
DA:32,3
DA:34,3
LF:17
LH:17
BRF:0
BRH:0
end_of_record
TN:
SF:src/Contexts/UserManagement/Features/UserCreation/Application/CommandHandlers/CreateUserV2CommandHandler.ts
FN:12,(anonymous_0)
FN:17,(anonymous_1)
FNF:2
FNH:2
FNDA:20,(anonymous_0)
FNDA:9,(anonymous_1)
DA:5,3
DA:6,3
DA:7,3
DA:8,3
DA:9,3
DA:11,3
DA:13,20
DA:14,20
DA:18,9
DA:19,9
DA:20,8
DA:21,7
DA:23,6
DA:24,6
DA:26,5
DA:32,5
DA:34,4
DA:36,5
DA:37,5
LF:19
LH:19
BRF:0
BRH:0
end_of_record
TN:
SF:src/Contexts/UserManagement/Features/UserCreation/Application/Commands/CreateUserV1Command.ts
FN:2,(anonymous_0)
FNF:1
FNH:1
FNDA:9,(anonymous_0)
DA:1,4
DA:3,9
DA:4,9
LF:3
LH:3
BRF:0
BRH:0
end_of_record
TN:
SF:src/Contexts/UserManagement/Features/UserCreation/Application/Commands/CreateUserV2Command.ts
FN:2,(anonymous_0)
FNF:1
FNH:1
FNDA:18,(anonymous_0)
DA:1,4
DA:3,18
DA:4,18
DA:5,18
LF:4
LH:4
BRF:0
BRH:0
end_of_record
TN:
SF:src/Contexts/UserManagement/Features/UserCreation/Domain/Events/UserCreatedEvent.ts
FN:7,(anonymous_0)
FNF:1
FNH:1
FNDA:15,(anonymous_0)
DA:1,6
DA:6,6
DA:8,15
DA:9,15
DA:10,15
DA:12,15
LF:6
LH:6
BRF:0
BRH:0
end_of_record
TN:
SF:src/Contexts/UserManagement/Features/UserCreation/Infrastructure/Container/UserCreationContainer.ts
FN:15,(anonymous_0)
FN:25,(anonymous_1)
FN:42,(anonymous_2)
FN:56,(anonymous_3)
FNF:4
FNH:4
FNDA:13,(anonymous_0)
FNDA:13,(anonymous_1)
FNDA:5,(anonymous_2)
FNDA:11,(anonymous_3)
DA:3,2
DA:5,2
DA:6,2
DA:7,2
DA:8,2
DA:11,2
DA:16,13
DA:17,13
DA:18,13
DA:20,13
DA:21,13
DA:22,13
DA:26,13
DA:28,13
DA:29,13
DA:32,13
DA:33,12
DA:35,12
DA:37,1
DA:38,1
DA:43,5
DA:44,1
DA:47,4
DA:48,3
DA:51,3
DA:53,4
DA:61,11
LF:27
LH:27
BRDA:43,0,0,1
BRDA:43,1,0,5
BRDA:43,1,1,2
BRDA:47,2,0,3
BRDA:48,3,0,2
BRDA:48,3,1,1
BRF:6
BRH:6
end_of_record
TN:
SF:src/Contexts/UserManagement/Features/UserCreation/Infrastructure/Factories/oldUserCreationFactory.ts
FN:13,(anonymous_0)
FN:19,(anonymous_1)
FN:30,(anonymous_2)
FN:41,(anonymous_3)
FNF:4
FNH:2
FNDA:13,(anonymous_0)
FNDA:0,(anonymous_1)
FNDA:26,(anonymous_2)
FNDA:0,(anonymous_3)
DA:4,2
DA:5,2
DA:6,2
DA:7,2
DA:9,2
DA:10,2
DA:12,2
DA:14,13
DA:15,13
DA:16,13
DA:20,0
DA:22,0
DA:24,0
DA:26,0
DA:31,26
DA:33,13
DA:35,13
DA:37,0
DA:42,0
DA:44,0
DA:46,0
DA:48,0
LF:22
LH:13
BRDA:20,0,0,0
BRDA:20,0,1,0
BRDA:20,0,2,0
BRDA:31,1,0,13
BRDA:31,1,1,13
BRDA:31,1,2,0
BRDA:42,2,0,0
BRDA:42,2,1,0
BRDA:42,2,2,0
BRF:9
BRH:2
end_of_record
TN:
SF:src/Contexts/UserManagement/Features/UserCreation/Interfaces/Controllers/CreateUserV1Controller.ts
FN:68,(anonymous_0)
FN:70,(anonymous_1)
FNF:2
FNH:2
FNDA:6,(anonymous_0)
FNDA:4,(anonymous_1)
DA:3,3
DA:67,3
DA:68,6
DA:71,4
DA:72,4
DA:74,4
DA:75,1
DA:76,1
DA:79,3
DA:80,3
DA:82,2
DA:88,2
DA:89,2
LF:13
LH:13
BRDA:74,0,0,1
BRDA:74,1,0,4
BRDA:74,1,1,4
BRF:3
BRH:3
end_of_record
TN:
SF:src/Contexts/UserManagement/Features/UserCreation/Interfaces/Controllers/CreateUserV2Controller.ts
FN:80,(anonymous_0)
FN:82,(anonymous_1)
FNF:2
FNH:2
FNDA:11,(anonymous_0)
FNDA:12,(anonymous_1)
DA:3,3
DA:79,3
DA:80,11
DA:83,12
DA:84,12
DA:86,12
DA:87,3
DA:88,3
DA:91,9
DA:96,9
DA:98,4
DA:104,5
DA:105,5
LF:13
LH:13
BRDA:86,0,0,3
BRDA:86,1,0,12
BRDA:86,1,1,11
BRDA:86,1,2,10
BRF:4
BRH:4
end_of_record
TN:
SF:src/Contexts/UserManagement/Features/UserCreation/Interfaces/Routes/userRoutes.ts
FN:7,userRoutes
FN:16,(anonymous_1)
FN:22,(anonymous_2)
FNF:3
FNH:1
FNDA:2,userRoutes
FNDA:0,(anonymous_1)
FNDA:0,(anonymous_2)
DA:1,1
DA:5,1
DA:7,1
DA:12,2
DA:13,2
DA:16,2
DA:17,0
DA:18,0
DA:22,2
DA:23,0
DA:24,0
DA:27,2
LF:12
LH:8
BRF:0
BRH:0
end_of_record
TN:
SF:src/Contexts/UserManagement/Features/UserEditing/Application/CommandHandlers/EditUserCommandHandler.ts
FN:17,(anonymous_0)
FN:22,(anonymous_1)
FNF:2
FNH:2
FNDA:12,(anonymous_0)
FNDA:12,(anonymous_1)
DA:4,2
DA:6,2
DA:7,2
DA:8,2
DA:9,2
DA:10,2
DA:12,2
DA:13,2
DA:14,2
DA:16,2
DA:18,12
DA:19,12
DA:23,12
DA:24,12
DA:25,1
DA:28,11
DA:29,11
DA:31,11
DA:32,1
DA:38,10
DA:39,10
DA:40,8
DA:42,9
DA:43,7
DA:46,2
DA:47,1
DA:49,1
DA:50,1
DA:52,0
DA:55,8
DA:56,8
DA:58,7
DA:66,7
DA:68,6
DA:70,6
DA:75,4
DA:77,2
DA:78,2
LF:38
LH:37
BRDA:24,0,0,1
BRDA:31,1,0,1
BRDA:39,2,0,8
BRDA:42,3,0,7
BRDA:46,4,0,1
BRDA:49,5,0,1
BRDA:70,6,0,4
BRDA:70,7,0,6
BRDA:70,7,1,3
BRDA:70,7,2,3
BRDA:70,7,3,3
BRDA:70,7,4,3
BRDA:78,8,0,2
BRDA:78,8,1,0
BRF:14
BRH:13
end_of_record
TN:
SF:src/Contexts/UserManagement/Features/UserEditing/Application/Commands/EditUserCommand.ts
FN:2,(anonymous_0)
FNF:1
FNH:1
FNDA:20,(anonymous_0)
DA:1,3
DA:3,20
DA:4,20
DA:5,20
LF:4
LH:4
BRF:0
BRH:0
end_of_record
TN:
SF:src/Contexts/UserManagement/Features/UserEditing/Domain/Errors/InvalidInputError.ts
FN:2,(anonymous_0)
FNF:1
FNH:1
FNDA:4,(anonymous_0)
DA:1,3
DA:3,4
DA:4,4
LF:3
LH:3
BRF:0
BRH:0
end_of_record
TN:
SF:src/Contexts/UserManagement/Features/UserEditing/Domain/Errors/UserNotFoundError.ts
FN:2,(anonymous_0)
FNF:1
FNH:1
FNDA:2,(anonymous_0)
DA:1,3
DA:3,2
DA:4,2
LF:3
LH:3
BRF:0
BRH:0
end_of_record
TN:
SF:src/Contexts/UserManagement/Features/UserEditing/Domain/Events/UserEditedEvent.ts
FN:7,(anonymous_0)
FNF:1
FNH:1
FNDA:11,(anonymous_0)
DA:1,3
DA:6,3
DA:8,11
DA:9,11
DA:10,11
DA:11,11
DA:12,11
DA:14,11
LF:8
LH:8
BRF:0
BRH:0
end_of_record
TN:
SF:src/Contexts/UserManagement/Features/UserEditing/Infrastructure/Container/UserEditingContainer.ts
FN:9,(anonymous_0)
FN:15,(anonymous_1)
FNF:2
FNH:2
FNDA:2,(anonymous_0)
FNDA:2,(anonymous_1)
DA:3,1
DA:4,1
DA:6,1
DA:8,1
DA:10,2
DA:11,2
DA:12,2
DA:16,2
DA:21,2
DA:23,2
LF:10
LH:10
BRF:0
BRH:0
end_of_record
TN:
SF:src/Contexts/UserManagement/Features/UserEditing/Interfaces/Controllers/EditUserController.ts
FN:84,(anonymous_0)
FN:86,(anonymous_1)
FNF:2
FNH:2
FNDA:8,(anonymous_0)
FNDA:9,(anonymous_1)
DA:3,2
DA:5,2
DA:6,2
DA:7,2
DA:8,2
DA:9,2
DA:10,2
DA:83,2
DA:84,8
DA:87,9
DA:88,9
DA:89,9
DA:91,9
DA:92,1
DA:93,1
DA:96,8
DA:97,8
DA:99,2
DA:108,6
DA:109,1
DA:110,5
DA:114,4
DA:116,1
DA:117,1
LF:24
LH:24
BRDA:91,0,0,1
BRDA:108,1,0,1
BRDA:108,1,1,5
BRDA:110,2,0,4
BRDA:110,2,1,1
BRDA:110,3,0,5
BRDA:110,3,1,4
BRDA:110,3,2,3
BRDA:110,3,3,2
BRF:9
BRH:9
end_of_record
TN:
SF:src/Contexts/UserManagement/Features/UserEditing/Interfaces/Routes/editUserRoutes.ts
FN:4,createEditUserRoutes
FN:9,(anonymous_1)
FNF:2
FNH:1
FNDA:2,createEditUserRoutes
FNDA:0,(anonymous_1)
DA:1,1
DA:4,1
DA:5,2
DA:6,2
DA:9,2
DA:11,2
LF:6
LH:6
BRF:0
BRH:0
end_of_record
TN:
SF:src/Contexts/UserManagement/Features/UserListing/Application/DTOs/UserDTO.ts
FN:2,(anonymous_0)
FN:10,(anonymous_1)
FNF:2
FNH:2
FNDA:10,(anonymous_0)
FNDA:7,(anonymous_1)
DA:1,4
DA:3,10
DA:4,10
DA:5,10
DA:9,4
DA:11,7
DA:12,7
DA:13,7
DA:14,7
DA:15,7
LF:10
LH:10
BRF:0
BRH:0
end_of_record
TN:
SF:src/Contexts/UserManagement/Features/UserListing/Application/Queries/ListUsersQuery.ts
FN:2,(anonymous_0)
FNF:1
FNH:1
FNDA:9,(anonymous_0)
DA:1,3
DA:3,9
DA:4,9
LF:3
LH:3
BRDA:3,0,0,3
BRDA:4,1,0,3
BRF:2
BRH:2
end_of_record
TN:
SF:src/Contexts/UserManagement/Features/UserListing/Application/QueryHandlers/ListUsersQueryHandler.ts
FN:6,(anonymous_0)
FN:10,(anonymous_1)
FN:22,(anonymous_2)
FNF:3
FNH:3
FNDA:7,(anonymous_0)
FNDA:5,(anonymous_1)
FNDA:6,(anonymous_2)
DA:3,2
DA:5,2
DA:7,7
DA:11,5
DA:12,5
DA:15,5
DA:16,4
DA:17,4
DA:20,4
DA:22,6
DA:28,4
LF:11
LH:11
BRF:0
BRH:0
end_of_record
TN:
SF:src/Contexts/UserManagement/Features/UserListing/Infrastructure/Container/UserListingContainer.ts
FN:6,(anonymous_0)
FN:10,(anonymous_1)
FNF:2
FNH:2
FNDA:2,(anonymous_0)
FNDA:2,(anonymous_1)
DA:2,1
DA:3,1
DA:5,1
DA:7,2
DA:11,2
DA:15,2
LF:6
LH:6
BRF:0
BRH:0
end_of_record
TN:
SF:src/Contexts/UserManagement/Features/UserListing/Interfaces/Controllers/ListUsersController.ts
FN:96,(anonymous_0)
FN:100,(anonymous_1)
FNF:2
FNH:2
FNDA:7,(anonymous_0)
FNDA:5,(anonymous_1)
DA:2,2
DA:95,2
DA:97,7
DA:101,5
DA:103,5
DA:104,5
DA:107,5
DA:108,1
DA:111,1
DA:114,4
DA:115,0
DA:118,0
DA:121,4
DA:122,4
DA:124,4
DA:125,4
DA:127,3
DA:135,1
DA:136,1
LF:19
LH:17
BRDA:107,0,0,1
BRDA:107,1,0,5
BRDA:107,1,1,5
BRDA:107,1,2,4
BRDA:114,2,0,0
BRDA:114,3,0,4
BRDA:114,3,1,4
BRDA:114,3,2,4
BRDA:121,4,0,4
BRDA:121,4,1,0
BRDA:122,5,0,4
BRDA:122,5,1,0
BRF:12
BRH:9
end_of_record
TN:
SF:src/Contexts/UserManagement/Features/UserListing/Interfaces/Routes/userListingRoutes.ts
FN:4,(anonymous_0)
FN:8,(anonymous_1)
FNF:2
FNH:1
FNDA:2,(anonymous_0)
FNDA:0,(anonymous_1)
DA:1,1
DA:4,1
DA:5,2
DA:8,2
DA:10,2
LF:5
LH:5
BRF:0
BRH:0
end_of_record
TN:
SF:src/Contexts/UserManagement/Shared/Domain/Aggregates/UserAggregate.ts
FN:18,(anonymous_0)
FN:25,(anonymous_1)
FN:32,(anonymous_2)
FN:39,(anonymous_3)
FN:47,(anonymous_4)
FN:51,(anonymous_5)
FN:55,(anonymous_6)
FN:59,(anonymous_7)
FNF:8
FNH:8
FNDA:63,(anonymous_0)
FNDA:63,(anonymous_1)
FNDA:1,(anonymous_2)
FNDA:1,(anonymous_3)
FNDA:51,(anonymous_4)
FNDA:27,(anonymous_5)
FNDA:27,(anonymous_6)
FNDA:11,(anonymous_7)
DA:1,8
DA:2,8
DA:3,8
DA:5,8
DA:13,8
DA:19,63
DA:20,63
DA:21,63
DA:22,63
DA:26,63
DA:29,63
DA:33,1
DA:34,1
DA:35,1
DA:36,1
DA:40,1
DA:48,51
DA:52,27
DA:56,27
DA:60,11
DA:61,11
DA:62,11
LF:22
LH:22
BRDA:60,0,0,11
BRDA:60,0,1,2
BRDA:61,1,0,11
BRDA:61,1,1,4
BRF:4
BRH:4
end_of_record
TN:
SF:src/Contexts/UserManagement/Shared/Domain/Errors/InvalidCommunicationTypeError.ts
FN:2,(anonymous_0)
FNF:1
FNH:1
FNDA:6,(anonymous_0)
DA:1,14
DA:3,6
DA:4,6
LF:3
LH:3
BRF:0
BRH:0
end_of_record
TN:
SF:src/Contexts/UserManagement/Shared/Domain/Errors/InvalidUserIdError.ts
FN:2,(anonymous_0)
FNF:1
FNH:1
FNDA:3,(anonymous_0)
DA:1,14
DA:3,3
DA:4,3
LF:3
LH:3
BRF:0
BRH:0
end_of_record
TN:
SF:src/Contexts/UserManagement/Shared/Domain/Errors/InvalidUserNameError.ts
FN:2,(anonymous_0)
FNF:1
FNH:1
FNDA:5,(anonymous_0)
DA:1,14
DA:3,5
DA:4,5
LF:3
LH:3
BRF:0
BRH:0
end_of_record
TN:
SF:src/Contexts/UserManagement/Shared/Domain/ValueObjects/CommunicationType.ts
FN:5,(anonymous_0)
FN:9,(anonymous_1)
FN:17,(anonymous_2)
FNF:3
FNH:2
FNDA:78,(anonymous_0)
FNDA:81,(anonymous_1)
FNDA:0,(anonymous_2)
DA:1,12
DA:2,12
DA:4,12
DA:6,78
DA:10,81
DA:11,81
DA:12,3
DA:14,78
DA:18,0
LF:9
LH:8
BRDA:11,0,0,3
BRF:1
BRH:1
end_of_record
TN:
SF:src/Contexts/UserManagement/Shared/Domain/ValueObjects/UserId.ts
FN:5,(anonymous_0)
FN:9,(anonymous_1)
FN:16,(anonymous_2)
FNF:3
FNH:2
FNDA:88,(anonymous_0)
FNDA:89,(anonymous_1)
FNDA:0,(anonymous_2)
DA:1,12
DA:2,12
DA:4,12
DA:6,88
DA:10,89
DA:11,1
DA:13,88
DA:17,0
LF:8
LH:7
BRDA:10,0,0,1
BRDA:10,1,0,89
BRDA:10,1,1,88
BRF:3
BRH:3
end_of_record
TN:
SF:src/Contexts/UserManagement/Shared/Domain/ValueObjects/UserName.ts
FN:5,(anonymous_0)
FN:9,(anonymous_1)
FN:16,(anonymous_2)
FNF:3
FNH:2
FNDA:84,(anonymous_0)
FNDA:87,(anonymous_1)
FNDA:0,(anonymous_2)
DA:1,12
DA:2,12
DA:4,12
DA:6,84
DA:10,87
DA:11,3
DA:13,84
DA:17,0
LF:8
LH:7
BRDA:10,0,0,3
BRDA:10,1,0,87
BRDA:10,1,1,87
BRF:3
BRH:3
end_of_record
TN:
SF:src/Contexts/UserManagement/Shared/Infrastructure/Configuration/UserManagementModule.ts
FN:17,(anonymous_0)
FN:25,(anonymous_1)
FNF:2
FNH:2
FNDA:2,(anonymous_0)
FNDA:2,(anonymous_1)
DA:2,1
DA:3,1
DA:6,1
DA:7,1
DA:8,1
DA:9,1
DA:10,1
DA:12,1
DA:13,2
DA:14,2
DA:15,2
DA:18,2
DA:19,2
DA:20,2
DA:22,2
DA:27,2
DA:34,2
DA:35,2
DA:38,2
DA:39,2
DA:40,2
DA:41,2
DA:42,2
DA:45,2
DA:50,2
DA:51,2
DA:52,2
LF:27
LH:27
BRF:0
BRH:0
end_of_record
TN:
SF:src/Contexts/UserManagement/Shared/Infrastructure/Persistence/InMemoryUserRepository.ts
FN:5,(anonymous_0)
FN:8,(anonymous_1)
FN:16,(anonymous_2)
FN:20,(anonymous_3)
FN:24,(anonymous_4)
FN:32,(anonymous_5)
FN:36,(anonymous_6)
FNF:7
FNH:7
FNDA:13,(anonymous_0)
FNDA:11,(anonymous_1)
FNDA:8,(anonymous_2)
FNDA:3,(anonymous_3)
FNDA:4,(anonymous_4)
FNDA:2,(anonymous_5)
FNDA:3,(anonymous_6)
DA:5,2
DA:6,13
DA:9,11
DA:10,1
DA:12,10
DA:13,10
DA:17,8
DA:21,3
DA:25,4
DA:26,1
DA:28,3
DA:29,3
DA:33,2
DA:37,3
LF:14
LH:14
BRDA:9,0,0,1
BRDA:17,1,0,8
BRDA:17,1,1,2
BRDA:25,2,0,1
BRF:4
BRH:4
end_of_record
